# JRE version: OpenJDK Runtime Environment (21.0.5) (build 21.0.5+-12932927-b750.29)
# Java VM: OpenJDK 64-Bit Server VM (21.0.5+-12932927-b750.29, mixed mode, tiered, compressed oops, compressed class ptrs, g1 gc, windows-amd64)
GC Precious Log:
 CardTable entry size: 512
 Card Set container configuration: InlinePtr #cards 5 size 8 Array Of Cards #cards 12 size 40 Howl #buckets 4 coarsen threshold 1843 Howl Bitmap #cards 512 size 80 coarsen threshold 460 Card regions per heap region 1 cards per card region 2048
 CPUs: 8 total, 8 available
 Memory: 12087M
 Large Page Support: Disabled
 NUMA Support: Disabled
 Compressed Oops: Enabled (32-bit)
 Heap Region Size: 1M
 Heap Min Capacity: 8M
 Heap Initial Capacity: 190M
 Heap Max Capacity: 2G
 Pre-touch: Disabled
 Parallel Workers: 8
 Concurrent Workers: 2
 Concurrent Refinement Workers: 8
 Periodic GC: Disabled
Heap:
 garbage-first heap   total 209920K, used 147657K [0x0000000080000000, 0x0000000100000000)
  region size 1024K, 10 young (10240K), 6 survivors (6144K)
 Metaspace       used 120659K, committed 122944K, reserved 1179648K
  class space    used 16255K, committed 17408K, reserved 1048576K
GC Heap History (20 events):
Event: 13.851 GC heap before
{Heap before GC invocations=44 (full 0):
 garbage-first heap   total 168960K, used 143326K [0x0000000080000000, 0x0000000100000000)
  region size 1024K, 49 young (50176K), 7 survivors (7168K)
 Metaspace       used 107845K, committed 110016K, reserved 1179648K
  class space    used 14760K, committed 15872K, reserved 1048576K
}
Event: 13.856 GC heap after
{Heap after GC invocations=45 (full 0):
 garbage-first heap   total 168960K, used 102057K [0x0000000080000000, 0x0000000100000000)
  region size 1024K, 6 young (6144K), 6 survivors (6144K)
 Metaspace       used 107845K, committed 110016K, reserved 1179648K
  class space    used 14760K, committed 15872K, reserved 1048576K
}
Event: 14.580 GC heap before
{Heap before GC invocations=45 (full 0):
 garbage-first heap   total 168960K, used 152233K [0x0000000080000000, 0x0000000100000000)
  region size 1024K, 55 young (56320K), 6 survivors (6144K)
 Metaspace       used 111648K, committed 113792K, reserved 1179648K
  class space    used 15233K, committed 16320K, reserved 1048576K
}
Event: 14.586 GC heap after
{Heap after GC invocations=46 (full 0):
 garbage-first heap   total 168960K, used 105776K [0x0000000080000000, 0x0000000100000000)
  region size 1024K, 6 young (6144K), 6 survivors (6144K)
 Metaspace       used 111648K, committed 113792K, reserved 1179648K
  class space    used 15233K, committed 16320K, reserved 1048576K
}
Event: 14.908 GC heap before
{Heap before GC invocations=46 (full 0):
 garbage-first heap   total 168960K, used 133424K [0x0000000080000000, 0x0000000100000000)
  region size 1024K, 35 young (35840K), 6 survivors (6144K)
 Metaspace       used 113410K, committed 115584K, reserved 1179648K
  class space    used 15398K, committed 16512K, reserved 1048576K
}
Event: 14.914 GC heap after
{Heap after GC invocations=47 (full 0):
 garbage-first heap   total 168960K, used 111705K [0x0000000080000000, 0x0000000100000000)
  region size 1024K, 6 young (6144K), 6 survivors (6144K)
 Metaspace       used 113410K, committed 115584K, reserved 1179648K
  class space    used 15398K, committed 16512K, reserved 1048576K
}
Event: 15.572 GC heap before
{Heap before GC invocations=48 (full 0):
 garbage-first heap   total 196608K, used 154713K [0x0000000080000000, 0x0000000100000000)
  region size 1024K, 44 young (45056K), 6 survivors (6144K)
 Metaspace       used 116588K, committed 118848K, reserved 1179648K
  class space    used 15744K, committed 16896K, reserved 1048576K
}
Event: 15.578 GC heap after
{Heap after GC invocations=49 (full 0):
 garbage-first heap   total 196608K, used 117147K [0x0000000080000000, 0x0000000100000000)
  region size 1024K, 6 young (6144K), 6 survivors (6144K)
 Metaspace       used 116588K, committed 118848K, reserved 1179648K
  class space    used 15744K, committed 16896K, reserved 1048576K
}
Event: 16.044 GC heap before
{Heap before GC invocations=49 (full 0):
 garbage-first heap   total 196608K, used 177563K [0x0000000080000000, 0x0000000100000000)
  region size 1024K, 66 young (67584K), 6 survivors (6144K)
 Metaspace       used 116747K, committed 118976K, reserved 1179648K
  class space    used 15752K, committed 16896K, reserved 1048576K
}
Event: 16.050 GC heap after
{Heap after GC invocations=50 (full 0):
 garbage-first heap   total 196608K, used 120806K [0x0000000080000000, 0x0000000100000000)
  region size 1024K, 6 young (6144K), 6 survivors (6144K)
 Metaspace       used 116747K, committed 118976K, reserved 1179648K
  class space    used 15752K, committed 16896K, reserved 1048576K
}
Event: 16.327 GC heap before
{Heap before GC invocations=50 (full 0):
 garbage-first heap   total 196608K, used 175078K [0x0000000080000000, 0x0000000100000000)
  region size 1024K, 60 young (61440K), 6 survivors (6144K)
 Metaspace       used 117116K, committed 119424K, reserved 1179648K
  class space    used 15826K, committed 17024K, reserved 1048576K
}
Event: 16.333 GC heap after
{Heap after GC invocations=51 (full 0):
 garbage-first heap   total 196608K, used 122330K [0x0000000080000000, 0x0000000100000000)
  region size 1024K, 5 young (5120K), 5 survivors (5120K)
 Metaspace       used 117116K, committed 119424K, reserved 1179648K
  class space    used 15826K, committed 17024K, reserved 1048576K
}
Event: 16.927 GC heap before
{Heap before GC invocations=51 (full 0):
 garbage-first heap   total 196608K, used 176602K [0x0000000080000000, 0x0000000100000000)
  region size 1024K, 59 young (60416K), 5 survivors (5120K)
 Metaspace       used 119443K, committed 121664K, reserved 1179648K
  class space    used 16086K, committed 17216K, reserved 1048576K
}
Event: 16.931 GC heap after
{Heap after GC invocations=52 (full 0):
 garbage-first heap   total 196608K, used 124380K [0x0000000080000000, 0x0000000100000000)
  region size 1024K, 7 young (7168K), 7 survivors (7168K)
 Metaspace       used 119443K, committed 121664K, reserved 1179648K
  class space    used 16086K, committed 17216K, reserved 1048576K
}
Event: 17.473 GC heap before
{Heap before GC invocations=53 (full 0):
 garbage-first heap   total 209920K, used 175580K [0x0000000080000000, 0x0000000100000000)
  region size 1024K, 58 young (59392K), 7 survivors (7168K)
 Metaspace       used 120150K, committed 122368K, reserved 1179648K
  class space    used 16191K, committed 17344K, reserved 1048576K
}
Event: 17.478 GC heap after
{Heap after GC invocations=54 (full 0):
 garbage-first heap   total 209920K, used 127895K [0x0000000080000000, 0x0000000100000000)
  region size 1024K, 8 young (8192K), 8 survivors (8192K)
 Metaspace       used 120150K, committed 122368K, reserved 1179648K
  class space    used 16191K, committed 17344K, reserved 1048576K
}
Event: 17.693 GC heap before
{Heap before GC invocations=54 (full 0):
 garbage-first heap   total 209920K, used 188311K [0x0000000080000000, 0x0000000100000000)
  region size 1024K, 68 young (69632K), 8 survivors (8192K)
 Metaspace       used 120241K, committed 122432K, reserved 1179648K
  class space    used 16201K, committed 17344K, reserved 1048576K
}
Event: 17.700 GC heap after
{Heap after GC invocations=55 (full 0):
 garbage-first heap   total 209920K, used 127477K [0x0000000080000000, 0x0000000100000000)
  region size 1024K, 4 young (4096K), 4 survivors (4096K)
 Metaspace       used 120241K, committed 122432K, reserved 1179648K
  class space    used 16201K, committed 17344K, reserved 1048576K
}
Event: 17.921 GC heap before
{Heap before GC invocations=55 (full 0):
 garbage-first heap   total 209920K, used 154101K [0x0000000080000000, 0x0000000100000000)
  region size 1024K, 32 young (32768K), 4 survivors (4096K)
 Metaspace       used 120652K, committed 122944K, reserved 1179648K
  class space    used 16255K, committed 17408K, reserved 1048576K
}
Event: 17.926 GC heap after
{Heap after GC invocations=56 (full 0):
 garbage-first heap   total 209920K, used 129225K [0x0000000080000000, 0x0000000100000000)
  region size 1024K, 6 young (6144K), 6 survivors (6144K)
 Metaspace       used 120652K, committed 122944K, reserved 1179648K
  class space    used 16255K, committed 17408K, reserved 1048576K
}

