# JRE version: OpenJDK Runtime Environment (21.0.5) (build 21.0.5+-12932927-b750.29)
# Java VM: OpenJDK 64-Bit Server VM (21.0.5+-12932927-b750.29, mixed mode, tiered, compressed oops, compressed class ptrs, g1 gc, windows-amd64)
GC Precious Log:
 CardTable entry size: 512
 Card Set container configuration: InlinePtr #cards 5 size 8 Array Of Cards #cards 12 size 40 Howl #buckets 4 coarsen threshold 1843 Howl Bitmap #cards 512 size 80 coarsen threshold 460 Card regions per heap region 1 cards per card region 2048
 CPUs: 8 total, 8 available
 Memory: 12087M
 Large Page Support: Disabled
 NUMA Support: Disabled
 Compressed Oops: Enabled (32-bit)
 Heap Region Size: 1M
 Heap Min Capacity: 8M
 Heap Initial Capacity: 190M
 Heap Max Capacity: 2G
 Pre-touch: Disabled
 Parallel Workers: 8
 Concurrent Workers: 2
 Concurrent Refinement Workers: 8
 Periodic GC: Disabled
Heap:
 garbage-first heap   total 403456K, used 345600K [0x0000000080000000, 0x0000000100000000)
  region size 1024K, 6 young (6144K), 6 survivors (6144K)
 Metaspace       used 128990K, committed 131264K, reserved 1179648K
  class space    used 17616K, committed 18752K, reserved 1048576K
GC Heap History (20 events):
Event: 17.209 GC heap after
{Heap after GC invocations=52 (full 0):
 garbage-first heap   total 245760K, used 126104K [0x0000000080000000, 0x0000000100000000)
  region size 1024K, 8 young (8192K), 8 survivors (8192K)
 Metaspace       used 117517K, committed 119744K, reserved 1179648K
  class space    used 15864K, committed 16960K, reserved 1048576K
}
Event: 18.578 GC heap before
{Heap before GC invocations=52 (full 0):
 garbage-first heap   total 245760K, used 223384K [0x0000000080000000, 0x0000000100000000)
  region size 1024K, 104 young (106496K), 8 survivors (8192K)
 Metaspace       used 120965K, committed 123200K, reserved 1179648K
  class space    used 16319K, committed 17472K, reserved 1048576K
}
Event: 18.587 GC heap after
{Heap after GC invocations=53 (full 0):
 garbage-first heap   total 245760K, used 128859K [0x0000000080000000, 0x0000000100000000)
  region size 1024K, 12 young (12288K), 12 survivors (12288K)
 Metaspace       used 120965K, committed 123200K, reserved 1179648K
  class space    used 16319K, committed 17472K, reserved 1048576K
}
Event: 19.273 GC heap before
{Heap before GC invocations=53 (full 0):
 garbage-first heap   total 247808K, used 245595K [0x0000000080000000, 0x0000000100000000)
  region size 1024K, 97 young (99328K), 12 survivors (12288K)
 Metaspace       used 121405K, committed 123648K, reserved 1179648K
  class space    used 16372K, committed 17536K, reserved 1048576K
}
Event: 19.283 GC heap after
{Heap after GC invocations=54 (full 0):
 garbage-first heap   total 269312K, used 169284K [0x0000000080000000, 0x0000000100000000)
  region size 1024K, 12 young (12288K), 12 survivors (12288K)
 Metaspace       used 121405K, committed 123648K, reserved 1179648K
  class space    used 16372K, committed 17536K, reserved 1048576K
}
Event: 19.291 GC heap before
{Heap before GC invocations=54 (full 0):
 garbage-first heap   total 269312K, used 169284K [0x0000000080000000, 0x0000000100000000)
  region size 1024K, 13 young (13312K), 12 survivors (12288K)
 Metaspace       used 121405K, committed 123648K, reserved 1179648K
  class space    used 16372K, committed 17536K, reserved 1048576K
}
Event: 19.295 GC heap after
{Heap after GC invocations=55 (full 0):
 garbage-first heap   total 269312K, used 170252K [0x0000000080000000, 0x0000000100000000)
  region size 1024K, 1 young (1024K), 1 survivors (1024K)
 Metaspace       used 121405K, committed 123648K, reserved 1179648K
  class space    used 16372K, committed 17536K, reserved 1048576K
}
Event: 20.056 GC heap before
{Heap before GC invocations=56 (full 0):
 garbage-first heap   total 299008K, used 297228K [0x0000000080000000, 0x0000000100000000)
  region size 1024K, 52 young (53248K), 1 survivors (1024K)
 Metaspace       used 125839K, committed 128128K, reserved 1179648K
  class space    used 17011K, committed 18176K, reserved 1048576K
}
Event: 20.061 GC heap after
{Heap after GC invocations=57 (full 0):
 garbage-first heap   total 309248K, used 210051K [0x0000000080000000, 0x0000000100000000)
  region size 1024K, 9 young (9216K), 9 survivors (9216K)
 Metaspace       used 125839K, committed 128128K, reserved 1179648K
  class space    used 17011K, committed 18176K, reserved 1048576K
}
Event: 20.492 GC heap before
{Heap before GC invocations=57 (full 0):
 garbage-first heap   total 309248K, used 291971K [0x0000000080000000, 0x0000000100000000)
  region size 1024K, 73 young (74752K), 9 survivors (9216K)
 Metaspace       used 126181K, committed 128512K, reserved 1179648K
  class space    used 17055K, committed 18240K, reserved 1048576K
}
Event: 20.510 GC heap after
{Heap after GC invocations=58 (full 0):
 garbage-first heap   total 327680K, used 237797K [0x0000000080000000, 0x0000000100000000)
  region size 1024K, 10 young (10240K), 10 survivors (10240K)
 Metaspace       used 126181K, committed 128512K, reserved 1179648K
  class space    used 17055K, committed 18240K, reserved 1048576K
}
Event: 20.529 GC heap before
{Heap before GC invocations=58 (full 0):
 garbage-first heap   total 327680K, used 240869K [0x0000000080000000, 0x0000000100000000)
  region size 1024K, 14 young (14336K), 10 survivors (10240K)
 Metaspace       used 126181K, committed 128512K, reserved 1179648K
  class space    used 17055K, committed 18240K, reserved 1048576K
}
Event: 20.536 GC heap after
{Heap after GC invocations=59 (full 0):
 garbage-first heap   total 327680K, used 240466K [0x0000000080000000, 0x0000000100000000)
  region size 1024K, 2 young (2048K), 2 survivors (2048K)
 Metaspace       used 126181K, committed 128512K, reserved 1179648K
  class space    used 17055K, committed 18240K, reserved 1048576K
}
Event: 20.950 GC heap before
{Heap before GC invocations=60 (full 0):
 garbage-first heap   total 403456K, used 295762K [0x0000000080000000, 0x0000000100000000)
  region size 1024K, 51 young (52224K), 2 survivors (2048K)
 Metaspace       used 126182K, committed 128512K, reserved 1179648K
  class space    used 17055K, committed 18240K, reserved 1048576K
}
Event: 20.970 GC heap after
{Heap after GC invocations=61 (full 0):
 garbage-first heap   total 403456K, used 263646K [0x0000000080000000, 0x0000000100000000)
  region size 1024K, 7 young (7168K), 7 survivors (7168K)
 Metaspace       used 126182K, committed 128512K, reserved 1179648K
  class space    used 17055K, committed 18240K, reserved 1048576K
}
Event: 21.575 GC heap before
{Heap before GC invocations=61 (full 0):
 garbage-first heap   total 403456K, used 342494K [0x0000000080000000, 0x0000000100000000)
  region size 1024K, 84 young (86016K), 7 survivors (7168K)
 Metaspace       used 128964K, committed 131264K, reserved 1179648K
  class space    used 17614K, committed 18752K, reserved 1048576K
}
Event: 21.606 GC heap after
{Heap after GC invocations=62 (full 0):
 garbage-first heap   total 403456K, used 295424K [0x0000000080000000, 0x0000000100000000)
  region size 1024K, 11 young (11264K), 11 survivors (11264K)
 Metaspace       used 128964K, committed 131264K, reserved 1179648K
  class space    used 17614K, committed 18752K, reserved 1048576K
}
Event: 21.770 GC heap before
{Heap before GC invocations=62 (full 0):
 garbage-first heap   total 403456K, used 351744K [0x0000000080000000, 0x0000000100000000)
  region size 1024K, 66 young (67584K), 11 survivors (11264K)
 Metaspace       used 128990K, committed 131264K, reserved 1179648K
  class space    used 17616K, committed 18752K, reserved 1048576K
}
Event: 21.795 GC heap after
{Heap after GC invocations=63 (full 0):
 garbage-first heap   total 403456K, used 325632K [0x0000000080000000, 0x0000000100000000)
  region size 1024K, 9 young (9216K), 9 survivors (9216K)
 Metaspace       used 128990K, committed 131264K, reserved 1179648K
  class space    used 17616K, committed 18752K, reserved 1048576K
}
Event: 21.908 GC heap before
{Heap before GC invocations=63 (full 0):
 garbage-first heap   total 403456K, used 361472K [0x0000000080000000, 0x0000000100000000)
  region size 1024K, 45 young (46080K), 9 survivors (9216K)
 Metaspace       used 128990K, committed 131264K, reserved 1179648K
  class space    used 17616K, committed 18752K, reserved 1048576K
}

